[16Feb2025 14:30:12.604] [main/INFO] [cpw.mods.modlauncher.Launcher/MODLAUNCHER]: ModLauncher running: args [--launchTarget, neoforgeclientdev, --version, 21.4.78-beta, --assetIndex, 19, --assetsDir, C:\Users\Dreyka Oas\.mcreator\gradle\caches\neoformruntime\assets, --gameDir, ., --fml.fmlVersion, 6.0.6, --fml.mcVersion, 1.21.4, --fml.neoForgeVersion, 21.4.78-beta, --fml.neoFormVersion, 20241203.161809]
[16Feb2025 14:30:12.607] [main/INFO] [cpw.mods.modlauncher.Launcher/MODLAUNCHER]: JVM identified as Eclipse Adoptium OpenJDK 64-Bit Server VM 21.0.5+11-LTS
[16Feb2025 14:30:12.608] [main/INFO] [cpw.mods.modlauncher.Launcher/MODLAUNCHER]: ModLauncher 11.0.4+main.d2e20e43 starting: java version 21.0.5 by Eclipse Adoptium; OS Windows 11 arch amd64 version 10.0
[16Feb2025 14:30:12.682] [main/WARN] [net.neoforged.fml.loading.FMLConfig/CORE]: Configuration file O:\Mcreator\FakeFPS\run\config\fml.toml is not correct. Correcting
[16Feb2025 14:30:12.712] [main/INFO] [net.neoforged.fml.loading.ImmediateWindowHandler/]: Loading ImmediateWindowProvider fmlearlywindow
[16Feb2025 14:30:12.788] [main/INFO] [EARLYDISPLAY/]: Trying GL version 4.6
[16Feb2025 14:30:12.870] [main/INFO] [EARLYDISPLAY/]: Requested GL version 4.6 got version 4.6
[16Feb2025 14:30:12.955] [main/INFO] [mixin/]: SpongePowered MIXIN Subsystem Version=0.8.7 Source=union:/C:/Users/Dreyka%20Oas/.mcreator/gradle/caches/modules-2/files-2.1/net.fabricmc/sponge-mixin/0.15.2+mixin.0.8.7/2af2f021d8e02a0220dc27a7a72b4666d66d44ca/sponge-mixin-0.15.2+mixin.0.8.7.jar%23162!/ Service=ModLauncher Env=CLIENT
[16Feb2025 14:30:12.962] [main/WARN] [net.neoforged.fml.loading.FMLConfig/CORE]: Configuration file O:\Mcreator\FakeFPS\run\config\fml.toml is not correct. Correcting
[16Feb2025 14:30:13.123] [pool-2-thread-1/INFO] [EARLYDISPLAY/]: GL info: Radeon 7 GL version 4.6.0 Core Profile Context 24.12.1.241127, ATI Technologies Inc.
[16Feb2025 14:30:13.304] [main/INFO] [net.neoforged.fml.loading.moddiscovery.locators.JarInJarDependencyLocator/]: Found 2 dependencies adding them to mods collection
[16Feb2025 14:30:13.305] [main/INFO] [net.neoforged.fml.loading.moddiscovery.ModDiscoverer/]: 
     Mod List:
		Name Version (Mod Id)

		Fake FPS 1.1.0 (fake_fps)
		Minecraft 1.21.4 (minecraft)
		NeoForge 21.4.78-beta (neoforge)
[16Feb2025 14:30:13.891] [main/INFO] [cpw.mods.modlauncher.LaunchServiceHandler/MODLAUNCHER]: Launching target 'neoforgeclientdev' with arguments [--version, 21.4.78-beta, --gameDir, ., --assetsDir, C:\Users\Dreyka Oas\.mcreator\gradle\caches\neoformruntime\assets, --assetIndex, 19]
[16Feb2025 14:30:15.238] [Datafixer Bootstrap/INFO] [com.mojang.datafixers.DataFixerBuilder/]: 246 Datafixer optimizations took 320 milliseconds
[16Feb2025 14:30:15.455] [pool-7-thread-1/INFO] [MixinExtras|Service/]: Initializing MixinExtras via com.llamalad7.mixinextras.service.MixinExtrasServiceImpl(version=0.4.1).
[16Feb2025 14:30:19.217] [main/WARN] [net.minecraft.commands.Commands/]: Ambiguity between arguments [teleport, location] and [teleport, destination] with inputs: [0.1 -0.5 .9, 0 0 0]
[16Feb2025 14:30:19.218] [main/WARN] [net.minecraft.commands.Commands/]: Ambiguity between arguments [teleport, location] and [teleport, targets] with inputs: [0.1 -0.5 .9, 0 0 0]
[16Feb2025 14:30:19.219] [main/WARN] [net.minecraft.commands.Commands/]: Ambiguity between arguments [teleport, destination] and [teleport, targets] with inputs: [Player, 0123, @e, dd12be42-52a9-4a91-a8a1-11c01849e498]
[16Feb2025 14:30:19.220] [main/WARN] [net.minecraft.commands.Commands/]: Ambiguity between arguments [teleport, targets] and [teleport, destination] with inputs: [Player, 0123, dd12be42-52a9-4a91-a8a1-11c01849e498]
[16Feb2025 14:30:19.221] [main/WARN] [net.minecraft.commands.Commands/]: Ambiguity between arguments [teleport, targets, location] and [teleport, targets, destination] with inputs: [0.1 -0.5 .9, 0 0 0]
[16Feb2025 14:30:19.325] [Render thread/WARN] [net.minecraft.server.packs.VanillaPackResourcesBuilder/]: Assets URL 'union:/O:/Mcreator/FakeFPS/build/moddev/artifacts/neoforge-21.4.78-beta.jar%23215!/assets/.mcassetsroot' uses unexpected schema
[16Feb2025 14:30:19.325] [Render thread/WARN] [net.minecraft.server.packs.VanillaPackResourcesBuilder/]: Assets URL 'union:/O:/Mcreator/FakeFPS/build/moddev/artifacts/neoforge-21.4.78-beta.jar%23215!/data/.mcassetsroot' uses unexpected schema
[16Feb2025 14:30:19.357] [Render thread/INFO] [com.mojang.authlib.yggdrasil.YggdrasilAuthenticationService/]: Environment: Environment[sessionHost=https://sessionserver.mojang.com, servicesHost=https://api.minecraftservices.com, name=PROD]
[16Feb2025 14:30:19.365] [Render thread/INFO] [net.minecraft.client.Minecraft/]: Setting user: Dev
[16Feb2025 14:30:19.463] [Render thread/INFO] [net.minecraft.client.Minecraft/]: Backend library: LWJGL version 3.3.3+5
[16Feb2025 14:30:19.622] [modloading-worker-0/INFO] [net.neoforged.neoforge.common.NeoForgeMod/NEOFORGE-MOD]: NeoForge mod loading, version 21.4.78-beta, for MC 1.21.4
[16Feb2025 14:30:19.849] [modloading-sync-worker/WARN] [net.neoforged.fml.config.ConfigTracker/CONFIG]: Configuration file O:\Mcreator\FakeFPS\run\config\neoforge-client.toml is not correct. Correcting
[16Feb2025 14:30:19.866] [modloading-sync-worker/WARN] [net.neoforged.fml.config.ConfigTracker/CONFIG]: Configuration file O:\Mcreator\FakeFPS\run\config\neoforge-common.toml is not correct. Correcting
[16Feb2025 14:30:20.278] [Render thread/INFO] [net.neoforged.neoforge.gametest.GameTestHooks/]: Enabled Gametest Namespaces: []
[16Feb2025 14:30:20.377] [Render thread/INFO] [net.minecraft.server.packs.resources.ReloadableResourceManager/]: Reloading ResourceManager: vanilla, mod_resources, mod/neoforge, mod/fake_fps
[16Feb2025 14:30:20.473] [resourceLoad/INFO] [net.minecraft.client.gui.font.providers.UnihexProvider/]: Found unifont_jp_patch-16.0.01.hex, loading
[16Feb2025 14:30:20.473] [resourceLoad/INFO] [net.minecraft.client.gui.font.providers.UnihexProvider/]: Found unifont_all_no_pua-16.0.01.hex, loading
[16Feb2025 14:30:21.547] [Render thread/INFO] [com.mojang.blaze3d.audio.Library/]: OpenAL initialized on device OpenAL Soft on Haut-parleurs (2- Pebble V3)
[16Feb2025 14:30:21.548] [Render thread/INFO] [net.minecraft.client.sounds.SoundEngine/SOUNDS]: Sound engine started
[16Feb2025 14:30:21.641] [Render thread/INFO] [net.minecraft.client.renderer.texture.TextureAtlas/]: Created: 1024x512x2 minecraft:textures/atlas/blocks.png-atlas
[16Feb2025 14:30:21.646] [Render thread/INFO] [net.minecraft.client.renderer.texture.TextureAtlas/]: Created: 256x256x2 minecraft:textures/atlas/signs.png-atlas
[16Feb2025 14:30:21.646] [Render thread/INFO] [net.minecraft.client.renderer.texture.TextureAtlas/]: Created: 512x512x2 minecraft:textures/atlas/shield_patterns.png-atlas
[16Feb2025 14:30:21.646] [Render thread/INFO] [net.minecraft.client.renderer.texture.TextureAtlas/]: Created: 512x512x2 minecraft:textures/atlas/banner_patterns.png-atlas
[16Feb2025 14:30:21.647] [Render thread/INFO] [net.minecraft.client.renderer.texture.TextureAtlas/]: Created: 2048x1024x2 minecraft:textures/atlas/armor_trims.png-atlas
[16Feb2025 14:30:21.653] [Render thread/INFO] [net.minecraft.client.renderer.texture.TextureAtlas/]: Created: 256x256x2 minecraft:textures/atlas/chest.png-atlas
[16Feb2025 14:30:21.653] [Render thread/INFO] [net.minecraft.client.renderer.texture.TextureAtlas/]: Created: 128x64x2 minecraft:textures/atlas/decorated_pot.png-atlas
[16Feb2025 14:30:21.653] [Render thread/INFO] [net.minecraft.client.renderer.texture.TextureAtlas/]: Created: 512x256x2 minecraft:textures/atlas/beds.png-atlas
[16Feb2025 14:30:21.653] [Render thread/INFO] [net.minecraft.client.renderer.texture.TextureAtlas/]: Created: 512x256x2 minecraft:textures/atlas/shulker_boxes.png-atlas
[16Feb2025 14:30:21.655] [Render thread/INFO] [net.minecraft.client.renderer.texture.TextureAtlas/]: Created: 64x64x0 minecraft:textures/atlas/map_decorations.png-atlas
[16Feb2025 14:30:21.773] [Render thread/INFO] [net.minecraft.client.renderer.texture.TextureAtlas/]: Created: 512x256x0 minecraft:textures/atlas/particles.png-atlas
[16Feb2025 14:30:21.774] [Render thread/INFO] [net.minecraft.client.renderer.texture.TextureAtlas/]: Created: 512x256x0 minecraft:textures/atlas/paintings.png-atlas
[16Feb2025 14:30:21.774] [Render thread/INFO] [net.minecraft.client.renderer.texture.TextureAtlas/]: Created: 256x128x0 minecraft:textures/atlas/mob_effects.png-atlas
[16Feb2025 14:30:21.774] [Render thread/INFO] [net.minecraft.client.renderer.texture.TextureAtlas/]: Created: 1024x512x0 minecraft:textures/atlas/gui.png-atlas
[16Feb2025 14:30:21.777] [Render thread/INFO] [net.neoforged.neoforge.client.entity.animation.json.AnimationLoader/]: Loaded 0 entity animations
[16Feb2025 14:30:25.721] [Render thread/INFO] [net.minecraft.world.item.crafting.RecipeManager/]: Loaded 1370 recipes
[16Feb2025 14:30:25.731] [Render thread/INFO] [net.minecraft.advancements.AdvancementTree/]: Loaded 1481 advancements
[16Feb2025 14:30:25.847] [Server thread/INFO] [net.minecraft.client.server.IntegratedServer/]: Starting integrated minecraft server version 1.21.4
[16Feb2025 14:30:25.848] [Server thread/INFO] [net.minecraft.server.MinecraftServer/]: Generating keypair
[16Feb2025 14:30:26.095] [Server thread/INFO] [net.minecraft.server.MinecraftServer/]: Preparing start region for dimension minecraft:overworld
[16Feb2025 14:30:26.261] [progressListener/INFO] [net.minecraft.server.level.progress.LoggerChunkProgressListener/]: Préparation de la zone d'apparition : 0 %
[16Feb2025 14:30:26.434] [Server thread/INFO] [net.neoforged.neoforge.server.permission.PermissionAPI/]: Successfully initialized permission handler neoforge:default_handler
[16Feb2025 14:30:26.448] [progressListener/INFO] [net.minecraft.server.level.progress.LoggerChunkProgressListener/]: Time elapsed: 349 ms
[16Feb2025 14:30:26.482] [Server thread/INFO] [net.minecraft.client.server.IntegratedServer/]: Changing view distance to 5, from 10
[16Feb2025 14:30:26.483] [Server thread/INFO] [net.minecraft.client.server.IntegratedServer/]: Changing simulation distance to 12, from 0
[16Feb2025 14:30:27.198] [Server thread/INFO] [net.minecraft.server.players.PlayerList/]: Dev[local:E:0226bd9e] logged in with entity id 57 at (34.205386800946414, -60.0, -10.609215680111651)
[16Feb2025 14:30:27.243] [Server thread/INFO] [net.minecraft.server.MinecraftServer/]: Dev a rejoint la partie
[16Feb2025 14:30:27.389] [Render thread/INFO] [net.minecraft.advancements.AdvancementTree/]: Loaded 41 advancements
[16Feb2025 14:30:27.477] [pool-11-thread-1/INFO] [oas.work.fake_fps.FakeFpsMod/]: Nouvelle valeur de FPS : 391835
[16Feb2025 14:30:28.477] [pool-11-thread-1/INFO] [oas.work.fake_fps.FakeFpsMod/]: Nouvelle valeur de FPS : 391831
[16Feb2025 14:30:29.477] [pool-11-thread-1/INFO] [oas.work.fake_fps.FakeFpsMod/]: Nouvelle valeur de FPS : 391828
[16Feb2025 14:30:30.477] [pool-11-thread-1/INFO] [oas.work.fake_fps.FakeFpsMod/]: Nouvelle valeur de FPS : 391830
[16Feb2025 14:30:31.477] [pool-11-thread-1/INFO] [oas.work.fake_fps.FakeFpsMod/]: Nouvelle valeur de FPS : 391840
[16Feb2025 14:30:32.187] [Server thread/INFO] [net.minecraft.client.server.IntegratedServer/]: Saving and pausing game...
[16Feb2025 14:30:32.208] [Server thread/INFO] [net.minecraft.server.MinecraftServer/]: Saving chunks for level 'ServerLevel[Nouveau monde]'/minecraft:overworld
[16Feb2025 14:30:32.221] [Server thread/INFO] [net.minecraft.server.MinecraftServer/]: Saving chunks for level 'ServerLevel[Nouveau monde]'/minecraft:the_end
[16Feb2025 14:30:32.221] [Server thread/INFO] [net.minecraft.server.MinecraftServer/]: Saving chunks for level 'ServerLevel[Nouveau monde]'/minecraft:the_nether
[16Feb2025 14:30:32.477] [pool-11-thread-1/INFO] [oas.work.fake_fps.FakeFpsMod/]: Nouvelle valeur de FPS : 391845
[16Feb2025 14:30:32.642] [Server thread/INFO] [net.minecraft.server.network.ServerGamePacketListenerImpl/]: Dev lost connection: Déconnecté(e)
[16Feb2025 14:30:32.643] [Server thread/INFO] [net.minecraft.server.MinecraftServer/]: Dev a quitté la partie
[16Feb2025 14:30:32.660] [Server thread/INFO] [net.minecraft.server.network.ServerCommonPacketListenerImpl/]: Stopping singleplayer server as player logged out
[16Feb2025 14:30:32.690] [Server thread/INFO] [net.minecraft.server.MinecraftServer/]: Stopping server
[16Feb2025 14:30:32.690] [Server thread/INFO] [net.minecraft.server.MinecraftServer/]: Saving players
[16Feb2025 14:30:32.690] [Server thread/INFO] [net.minecraft.server.MinecraftServer/]: Saving worlds
[16Feb2025 14:30:32.712] [Server thread/INFO] [net.minecraft.server.MinecraftServer/]: Saving chunks for level 'ServerLevel[Nouveau monde]'/minecraft:overworld
[16Feb2025 14:30:32.796] [Server thread/INFO] [net.minecraft.server.MinecraftServer/]: Saving chunks for level 'ServerLevel[Nouveau monde]'/minecraft:the_end
[16Feb2025 14:30:32.803] [Server thread/INFO] [net.minecraft.server.MinecraftServer/]: Saving chunks for level 'ServerLevel[Nouveau monde]'/minecraft:the_nether
[16Feb2025 14:30:32.819] [Server thread/INFO] [net.minecraft.server.MinecraftServer/]: ThreadedAnvilChunkStorage (Nouveau monde): All chunks are saved
[16Feb2025 14:30:32.819] [Server thread/INFO] [net.minecraft.server.MinecraftServer/]: ThreadedAnvilChunkStorage (DIM1): All chunks are saved
[16Feb2025 14:30:32.819] [Server thread/INFO] [net.minecraft.server.MinecraftServer/]: ThreadedAnvilChunkStorage (DIM-1): All chunks are saved
[16Feb2025 14:30:32.819] [Server thread/INFO] [net.minecraft.server.MinecraftServer/]: ThreadedAnvilChunkStorage: All dimensions are saved
[16Feb2025 14:30:33.375] [Render thread/INFO] [net.minecraft.client.Minecraft/]: Stopping!
